<?xml version="1.0" encoding="UTF-8"?>
<testng-results skipped="0" failed="0" total="1" passed="1">
  <reporter-output>
  </reporter-output>
  <suite name="Default suite" duration-ms="363" started-at="2013-10-26T06:24:07Z" finished-at="2013-10-26T06:24:08Z">
    <groups>
    </groups>
    <test name="Default test" duration-ms="363" started-at="2013-10-26T06:24:07Z" finished-at="2013-10-26T06:24:08Z">
      <class name="com.naveen.test.sample.Testngexample">
        <test-method status="PASS" signature="Test()[pri:0, instance:com.naveen.test.sample.Testngexample@19a82ee]" name="Test" duration-ms="204" started-at="2013-10-26T11:54:08Z" finished-at="2013-10-26T11:54:08Z">
          <reporter-output>
          </reporter-output>
        </test-method> <!-- Test -->
      </class> <!-- com.naveen.test.sample.Testngexample -->
    </test> <!-- Default test -->
  </suite> <!-- Default suite -->
</testng-results>
